<?xml version="1.0" encoding="UTF-8"?>
<!-- Generated by org.testng.reporters.JUnitReportReporter -->
<testsuite skipped="0" hostname="DESKTOP-5T03LQ5" name="com.XYZBank.testscripts.BankManagerHomePageTest" tests="2" failures="0" timestamp="2022-09-24T13:22:04 IST" time="97.659" errors="0">
  <testcase name="addACustomerTest" time="48.170" classname="com.XYZBank.testscripts.BankManagerHomePageTest"/>
  <system-out/>
  <testcase name="addACustomerTest" time="49.489" classname="com.XYZBank.testscripts.BankManagerHomePageTest"/>
  <system-out/>
</testsuite> <!-- com.XYZBank.testscripts.BankManagerHomePageTest -->
