<?xml version="1.0" encoding="UTF-8"?>
<!-- Generated by org.testng.reporters.JUnitReportReporter -->
<testsuite skipped="0" hostname="DESKTOP-5T03LQ5" name="com.XYZBank.testscripts.Misc" tests="2" failures="0" timestamp="2022-09-18T13:27:12 IST" time="58.331" errors="0">
  <testcase name="testRun1" time="36.787" classname="com.XYZBank.testscripts.Misc"/>
  <system-out/>
  <testcase name="testRun" time="21.544" classname="com.XYZBank.testscripts.Misc"/>
  <system-out/>
</testsuite> <!-- com.XYZBank.testscripts.Misc -->
